<?xml version="1.0" encoding="UTF-8"?>
<testsuite xmlns:xsi="http://www.w3.org/2001/XMLSchema-instance" xsi:noNamespaceSchemaLocation="https://maven.apache.org/surefire/maven-surefire-plugin/xsd/surefire-test-report.xsd" name="com.adem.pc.ChatApplicationTests" time="28.995" tests="13" errors="7" skipped="0" failures="0">
  <properties>
    <property name="java.specification.version" value="17"/>
    <property name="sun.cpu.isalist" value="amd64"/>
    <property name="sun.jnu.encoding" value="Cp1252"/>
    <property name="java.class.path" value="C:\Users\benslamaadem\Pictures\freelancer\target\test-classes;C:\Users\benslamaadem\Pictures\freelancer\target\classes;C:\Users\benslamaadem\.m2\repository\org\springframework\boot\spring-boot-starter-data-jpa\2.7.10\spring-boot-starter-data-jpa-2.7.10.jar;C:\Users\benslamaadem\.m2\repository\org\springframework\boot\spring-boot-starter-aop\2.7.10\spring-boot-starter-aop-2.7.10.jar;C:\Users\benslamaadem\.m2\repository\org\aspectj\aspectjweaver\1.9.7\aspectjweaver-1.9.7.jar;C:\Users\benslamaadem\.m2\repository\org\springframework\boot\spring-boot-starter-jdbc\2.7.10\spring-boot-starter-jdbc-2.7.10.jar;C:\Users\benslamaadem\.m2\repository\com\zaxxer\HikariCP\4.0.3\HikariCP-4.0.3.jar;C:\Users\benslamaadem\.m2\repository\org\springframework\spring-jdbc\5.3.26\spring-jdbc-5.3.26.jar;C:\Users\benslamaadem\.m2\repository\jakarta\transaction\jakarta.transaction-api\1.3.3\jakarta.transaction-api-1.3.3.jar;C:\Users\benslamaadem\.m2\repository\jakarta\persistence\jakarta.persistence-api\2.2.3\jakarta.persistence-api-2.2.3.jar;C:\Users\benslamaadem\.m2\repository\org\hibernate\hibernate-core\5.6.15.Final\hibernate-core-5.6.15.Final.jar;C:\Users\benslamaadem\.m2\repository\org\jboss\logging\jboss-logging\3.4.3.Final\jboss-logging-3.4.3.Final.jar;C:\Users\benslamaadem\.m2\repository\net\bytebuddy\byte-buddy\1.12.23\byte-buddy-1.12.23.jar;C:\Users\benslamaadem\.m2\repository\antlr\antlr\2.7.7\antlr-2.7.7.jar;C:\Users\benslamaadem\.m2\repository\org\jboss\jandex\2.4.2.Final\jandex-2.4.2.Final.jar;C:\Users\benslamaadem\.m2\repository\com\fasterxml\classmate\1.5.1\classmate-1.5.1.jar;C:\Users\benslamaadem\.m2\repository\org\hibernate\common\hibernate-commons-annotations\5.1.2.Final\hibernate-commons-annotations-5.1.2.Final.jar;C:\Users\benslamaadem\.m2\repository\org\glassfish\jaxb\jaxb-runtime\2.3.8\jaxb-runtime-2.3.8.jar;C:\Users\benslamaadem\.m2\repository\org\glassfish\jaxb\txw2\2.3.8\txw2-2.3.8.jar;C:\Users\benslamaadem\.m2\repository\com\sun\istack\istack-commons-runtime\3.0.12\istack-commons-runtime-3.0.12.jar;C:\Users\benslamaadem\.m2\repository\org\springframework\data\spring-data-jpa\2.7.10\spring-data-jpa-2.7.10.jar;C:\Users\benslamaadem\.m2\repository\org\springframework\data\spring-data-commons\2.7.10\spring-data-commons-2.7.10.jar;C:\Users\benslamaadem\.m2\repository\org\springframework\spring-orm\5.3.26\spring-orm-5.3.26.jar;C:\Users\benslamaadem\.m2\repository\org\springframework\spring-context\5.3.26\spring-context-5.3.26.jar;C:\Users\benslamaadem\.m2\repository\org\springframework\spring-tx\5.3.26\spring-tx-5.3.26.jar;C:\Users\benslamaadem\.m2\repository\org\springframework\spring-beans\5.3.26\spring-beans-5.3.26.jar;C:\Users\benslamaadem\.m2\repository\org\springframework\spring-aspects\5.3.26\spring-aspects-5.3.26.jar;C:\Users\benslamaadem\.m2\repository\org\springframework\boot\spring-boot-starter-web\2.7.10\spring-boot-starter-web-2.7.10.jar;C:\Users\benslamaadem\.m2\repository\org\springframework\boot\spring-boot-starter\2.7.10\spring-boot-starter-2.7.10.jar;C:\Users\benslamaadem\.m2\repository\org\springframework\boot\spring-boot-starter-logging\2.7.10\spring-boot-starter-logging-2.7.10.jar;C:\Users\benslamaadem\.m2\repository\ch\qos\logback\logback-classic\1.2.11\logback-classic-1.2.11.jar;C:\Users\benslamaadem\.m2\repository\ch\qos\logback\logback-core\1.2.11\logback-core-1.2.11.jar;C:\Users\benslamaadem\.m2\repository\org\apache\logging\log4j\log4j-to-slf4j\2.17.2\log4j-to-slf4j-2.17.2.jar;C:\Users\benslamaadem\.m2\repository\org\apache\logging\log4j\log4j-api\2.17.2\log4j-api-2.17.2.jar;C:\Users\benslamaadem\.m2\repository\org\slf4j\jul-to-slf4j\1.7.36\jul-to-slf4j-1.7.36.jar;C:\Users\benslamaadem\.m2\repository\jakarta\annotation\jakarta.annotation-api\1.3.5\jakarta.annotation-api-1.3.5.jar;C:\Users\benslamaadem\.m2\repository\org\yaml\snakeyaml\1.30\snakeyaml-1.30.jar;C:\Users\benslamaadem\.m2\repository\org\springframework\boot\spring-boot-starter-json\2.7.10\spring-boot-starter-json-2.7.10.jar;C:\Users\benslamaadem\.m2\repository\com\fasterxml\jackson\core\jackson-databind\2.13.5\jackson-databind-2.13.5.jar;C:\Users\benslamaadem\.m2\repository\com\fasterxml\jackson\core\jackson-core\2.13.5\jackson-core-2.13.5.jar;C:\Users\benslamaadem\.m2\repository\com\fasterxml\jackson\datatype\jackson-datatype-jdk8\2.13.5\jackson-datatype-jdk8-2.13.5.jar;C:\Users\benslamaadem\.m2\repository\com\fasterxml\jackson\datatype\jackson-datatype-jsr310\2.13.5\jackson-datatype-jsr310-2.13.5.jar;C:\Users\benslamaadem\.m2\repository\com\fasterxml\jackson\module\jackson-module-parameter-names\2.13.5\jackson-module-parameter-names-2.13.5.jar;C:\Users\benslamaadem\.m2\repository\org\springframework\boot\spring-boot-starter-tomcat\2.7.10\spring-boot-starter-tomcat-2.7.10.jar;C:\Users\benslamaadem\.m2\repository\org\apache\tomcat\embed\tomcat-embed-websocket\9.0.73\tomcat-embed-websocket-9.0.73.jar;C:\Users\benslamaadem\.m2\repository\org\springframework\spring-web\5.3.26\spring-web-5.3.26.jar;C:\Users\benslamaadem\.m2\repository\org\springframework\spring-webmvc\5.3.26\spring-webmvc-5.3.26.jar;C:\Users\benslamaadem\.m2\repository\org\springframework\spring-expression\5.3.26\spring-expression-5.3.26.jar;C:\Users\benslamaadem\.m2\repository\org\springframework\boot\spring-boot-starter-web-services\2.7.10\spring-boot-starter-web-services-2.7.10.jar;C:\Users\benslamaadem\.m2\repository\com\sun\xml\messaging\saaj\saaj-impl\1.5.3\saaj-impl-1.5.3.jar;C:\Users\benslamaadem\.m2\repository\jakarta\xml\soap\jakarta.xml.soap-api\1.4.2\jakarta.xml.soap-api-1.4.2.jar;C:\Users\benslamaadem\.m2\repository\org\jvnet\staxex\stax-ex\1.8.3\stax-ex-1.8.3.jar;C:\Users\benslamaadem\.m2\repository\com\sun\activation\jakarta.activation\1.2.2\jakarta.activation-1.2.2.jar;C:\Users\benslamaadem\.m2\repository\jakarta\xml\ws\jakarta.xml.ws-api\2.3.3\jakarta.xml.ws-api-2.3.3.jar;C:\Users\benslamaadem\.m2\repository\jakarta\jws\jakarta.jws-api\2.1.0\jakarta.jws-api-2.1.0.jar;C:\Users\benslamaadem\.m2\repository\org\springframework\spring-oxm\5.3.26\spring-oxm-5.3.26.jar;C:\Users\benslamaadem\.m2\repository\org\springframework\ws\spring-ws-core\3.1.5\spring-ws-core-3.1.5.jar;C:\Users\benslamaadem\.m2\repository\org\springframework\ws\spring-xml\3.1.5\spring-xml-3.1.5.jar;C:\Users\benslamaadem\.m2\repository\org\springframework\boot\spring-boot-devtools\2.7.10\spring-boot-devtools-2.7.10.jar;C:\Users\benslamaadem\.m2\repository\org\springframework\boot\spring-boot\2.7.10\spring-boot-2.7.10.jar;C:\Users\benslamaadem\.m2\repository\org\springframework\boot\spring-boot-autoconfigure\2.7.10\spring-boot-autoconfigure-2.7.10.jar;C:\Users\benslamaadem\.m2\repository\com\mysql\mysql-connector-j\8.0.32\mysql-connector-j-8.0.32.jar;C:\Users\benslamaadem\.m2\repository\org\springframework\boot\spring-boot-starter-test\2.7.10\spring-boot-starter-test-2.7.10.jar;C:\Users\benslamaadem\.m2\repository\org\springframework\boot\spring-boot-test\2.7.10\spring-boot-test-2.7.10.jar;C:\Users\benslamaadem\.m2\repository\org\springframework\boot\spring-boot-test-autoconfigure\2.7.10\spring-boot-test-autoconfigure-2.7.10.jar;C:\Users\benslamaadem\.m2\repository\com\jayway\jsonpath\json-path\2.7.0\json-path-2.7.0.jar;C:\Users\benslamaadem\.m2\repository\net\minidev\json-smart\2.4.10\json-smart-2.4.10.jar;C:\Users\benslamaadem\.m2\repository\net\minidev\accessors-smart\2.4.9\accessors-smart-2.4.9.jar;C:\Users\benslamaadem\.m2\repository\org\ow2\asm\asm\9.3\asm-9.3.jar;C:\Users\benslamaadem\.m2\repository\jakarta\xml\bind\jakarta.xml.bind-api\2.3.3\jakarta.xml.bind-api-2.3.3.jar;C:\Users\benslamaadem\.m2\repository\jakarta\activation\jakarta.activation-api\1.2.2\jakarta.activation-api-1.2.2.jar;C:\Users\benslamaadem\.m2\repository\org\assertj\assertj-core\3.22.0\assertj-core-3.22.0.jar;C:\Users\benslamaadem\.m2\repository\org\hamcrest\hamcrest\2.2\hamcrest-2.2.jar;C:\Users\benslamaadem\.m2\repository\org\junit\jupiter\junit-jupiter\5.8.2\junit-jupiter-5.8.2.jar;C:\Users\benslamaadem\.m2\repository\org\junit\jupiter\junit-jupiter-api\5.8.2\junit-jupiter-api-5.8.2.jar;C:\Users\benslamaadem\.m2\repository\org\opentest4j\opentest4j\1.2.0\opentest4j-1.2.0.jar;C:\Users\benslamaadem\.m2\repository\org\junit\platform\junit-platform-commons\1.8.2\junit-platform-commons-1.8.2.jar;C:\Users\benslamaadem\.m2\repository\org\apiguardian\apiguardian-api\1.1.2\apiguardian-api-1.1.2.jar;C:\Users\benslamaadem\.m2\repository\org\junit\jupiter\junit-jupiter-params\5.8.2\junit-jupiter-params-5.8.2.jar;C:\Users\benslamaadem\.m2\repository\org\junit\jupiter\junit-jupiter-engine\5.8.2\junit-jupiter-engine-5.8.2.jar;C:\Users\benslamaadem\.m2\repository\org\junit\platform\junit-platform-engine\1.8.2\junit-platform-engine-1.8.2.jar;C:\Users\benslamaadem\.m2\repository\org\mockito\mockito-core\4.5.1\mockito-core-4.5.1.jar;C:\Users\benslamaadem\.m2\repository\net\bytebuddy\byte-buddy-agent\1.12.23\byte-buddy-agent-1.12.23.jar;C:\Users\benslamaadem\.m2\repository\org\objenesis\objenesis\3.2\objenesis-3.2.jar;C:\Users\benslamaadem\.m2\repository\org\mockito\mockito-junit-jupiter\4.5.1\mockito-junit-jupiter-4.5.1.jar;C:\Users\benslamaadem\.m2\repository\org\skyscreamer\jsonassert\1.5.1\jsonassert-1.5.1.jar;C:\Users\benslamaadem\.m2\repository\com\vaadin\external\google\android-json\0.0.20131108.vaadin1\android-json-0.0.20131108.vaadin1.jar;C:\Users\benslamaadem\.m2\repository\org\springframework\spring-core\5.3.26\spring-core-5.3.26.jar;C:\Users\benslamaadem\.m2\repository\org\springframework\spring-jcl\5.3.26\spring-jcl-5.3.26.jar;C:\Users\benslamaadem\.m2\repository\org\springframework\spring-test\5.3.26\spring-test-5.3.26.jar;C:\Users\benslamaadem\.m2\repository\org\xmlunit\xmlunit-core\2.9.1\xmlunit-core-2.9.1.jar;C:\Users\benslamaadem\.m2\repository\org\apache\tomcat\embed\tomcat-embed-jasper\9.0.73\tomcat-embed-jasper-9.0.73.jar;C:\Users\benslamaadem\.m2\repository\org\apache\tomcat\embed\tomcat-embed-core\9.0.73\tomcat-embed-core-9.0.73.jar;C:\Users\benslamaadem\.m2\repository\org\apache\tomcat\tomcat-annotations-api\9.0.73\tomcat-annotations-api-9.0.73.jar;C:\Users\benslamaadem\.m2\repository\org\apache\tomcat\embed\tomcat-embed-el\9.0.73\tomcat-embed-el-9.0.73.jar;C:\Users\benslamaadem\.m2\repository\org\eclipse\jdt\ecj\3.26.0\ecj-3.26.0.jar;C:\Users\benslamaadem\.m2\repository\javax\servlet\jstl\1.2\jstl-1.2.jar;C:\Users\benslamaadem\.m2\repository\org\webjars\bootstrap\4.3.1\bootstrap-4.3.1.jar;C:\Users\benslamaadem\.m2\repository\org\webjars\popper.js\1.14.3\popper.js-1.14.3.jar;C:\Users\benslamaadem\.m2\repository\org\springframework\boot\spring-boot-starter-thymeleaf\2.7.10\spring-boot-starter-thymeleaf-2.7.10.jar;C:\Users\benslamaadem\.m2\repository\org\thymeleaf\thymeleaf-spring5\3.0.15.RELEASE\thymeleaf-spring5-3.0.15.RELEASE.jar;C:\Users\benslamaadem\.m2\repository\org\thymeleaf\extras\thymeleaf-extras-java8time\3.0.4.RELEASE\thymeleaf-extras-java8time-3.0.4.RELEASE.jar;C:\Users\benslamaadem\.m2\repository\nz\net\ultraq\thymeleaf\thymeleaf-layout-dialect\3.0.0\thymeleaf-layout-dialect-3.0.0.jar;C:\Users\benslamaadem\.m2\repository\org\codehaus\groovy\groovy\3.0.16\groovy-3.0.16.jar;C:\Users\benslamaadem\.m2\repository\nz\net\ultraq\extensions\groovy-extensions\1.1.0\groovy-extensions-1.1.0.jar;C:\Users\benslamaadem\.m2\repository\nz\net\ultraq\thymeleaf\thymeleaf-expression-processor\3.0.0\thymeleaf-expression-processor-3.0.0.jar;C:\Users\benslamaadem\.m2\repository\org\thymeleaf\thymeleaf\3.0.15.RELEASE\thymeleaf-3.0.15.RELEASE.jar;C:\Users\benslamaadem\.m2\repository\ognl\ognl\3.1.26\ognl-3.1.26.jar;C:\Users\benslamaadem\.m2\repository\org\javassist\javassist\3.20.0-GA\javassist-3.20.0-GA.jar;C:\Users\benslamaadem\.m2\repository\org\attoparser\attoparser\2.0.5.RELEASE\attoparser-2.0.5.RELEASE.jar;C:\Users\benslamaadem\.m2\repository\org\unbescape\unbescape\1.1.6.RELEASE\unbescape-1.1.6.RELEASE.jar;C:\Users\benslamaadem\.m2\repository\org\webjars\jquery\3.5.1\jquery-3.5.1.jar;C:\Users\benslamaadem\.m2\repository\org\projectlombok\lombok\1.18.26\lombok-1.18.26.jar;C:\Users\benslamaadem\.m2\repository\org\springframework\boot\spring-boot-starter-data-rest\2.7.10\spring-boot-starter-data-rest-2.7.10.jar;C:\Users\benslamaadem\.m2\repository\org\springframework\data\spring-data-rest-webmvc\3.7.10\spring-data-rest-webmvc-3.7.10.jar;C:\Users\benslamaadem\.m2\repository\org\springframework\data\spring-data-rest-core\3.7.10\spring-data-rest-core-3.7.10.jar;C:\Users\benslamaadem\.m2\repository\org\springframework\hateoas\spring-hateoas\1.5.4\spring-hateoas-1.5.4.jar;C:\Users\benslamaadem\.m2\repository\org\springframework\plugin\spring-plugin-core\2.0.0.RELEASE\spring-plugin-core-2.0.0.RELEASE.jar;C:\Users\benslamaadem\.m2\repository\org\atteo\evo-inflector\1.3\evo-inflector-1.3.jar;C:\Users\benslamaadem\.m2\repository\com\fasterxml\jackson\core\jackson-annotations\2.13.5\jackson-annotations-2.13.5.jar;C:\Users\benslamaadem\.m2\repository\org\springframework\boot\spring-boot-starter-validation\2.7.10\spring-boot-starter-validation-2.7.10.jar;C:\Users\benslamaadem\.m2\repository\org\hibernate\validator\hibernate-validator\6.2.5.Final\hibernate-validator-6.2.5.Final.jar;C:\Users\benslamaadem\.m2\repository\jakarta\validation\jakarta.validation-api\2.0.2\jakarta.validation-api-2.0.2.jar;C:\Users\benslamaadem\.m2\repository\org\springframework\boot\spring-boot-starter-security\2.7.10\spring-boot-starter-security-2.7.10.jar;C:\Users\benslamaadem\.m2\repository\org\springframework\spring-aop\5.3.26\spring-aop-5.3.26.jar;C:\Users\benslamaadem\.m2\repository\org\springframework\security\spring-security-config\5.7.7\spring-security-config-5.7.7.jar;C:\Users\benslamaadem\.m2\repository\org\springframework\security\spring-security-core\5.7.7\spring-security-core-5.7.7.jar;C:\Users\benslamaadem\.m2\repository\org\springframework\security\spring-security-crypto\5.7.7\spring-security-crypto-5.7.7.jar;C:\Users\benslamaadem\.m2\repository\org\springframework\security\spring-security-web\5.7.7\spring-security-web-5.7.7.jar;C:\Users\benslamaadem\.m2\repository\org\thymeleaf\extras\thymeleaf-extras-springsecurity5\3.0.5.RELEASE\thymeleaf-extras-springsecurity5-3.0.5.RELEASE.jar;C:\Users\benslamaadem\.m2\repository\org\slf4j\slf4j-api\1.7.36\slf4j-api-1.7.36.jar;"/>
    <property name="java.vm.vendor" value="Eclipse Adoptium"/>
    <property name="sun.arch.data.model" value="64"/>
    <property name="user.variant" value=""/>
    <property name="java.vendor.url" value="https://adoptium.net/"/>
    <property name="user.timezone" value="Africa/Lagos"/>
    <property name="os.name" value="Windows 10"/>
    <property name="java.vm.specification.version" value="17"/>
    <property name="sun.java.launcher" value="SUN_STANDARD"/>
    <property name="user.country" value="FR"/>
    <property name="sun.boot.library.path" value="C:\Users\benslamaadem\Desktop\Nouveau dossier\Spring Boot\sts-4.18.0.RELEASE\plugins\org.eclipse.justj.openjdk.hotspot.jre.full.win32.x86_64_17.0.6.v20230204-1729\jre\bin"/>
    <property name="sun.java.command" value="C:\Users\BENSLA~1\AppData\Local\Temp\surefire7293415208574935749\surefirebooter11978375065097955878.jar C:\Users\benslamaadem\AppData\Local\Temp\surefire7293415208574935749 2023-05-11T22-04-28_173-jvmRun1 surefire12674655620482443895tmp surefire_01368593100908239029tmp"/>
    <property name="jdk.debug" value="release"/>
    <property name="surefire.test.class.path" value="C:\Users\benslamaadem\Pictures\freelancer\target\test-classes;C:\Users\benslamaadem\Pictures\freelancer\target\classes;C:\Users\benslamaadem\.m2\repository\org\springframework\boot\spring-boot-starter-data-jpa\2.7.10\spring-boot-starter-data-jpa-2.7.10.jar;C:\Users\benslamaadem\.m2\repository\org\springframework\boot\spring-boot-starter-aop\2.7.10\spring-boot-starter-aop-2.7.10.jar;C:\Users\benslamaadem\.m2\repository\org\aspectj\aspectjweaver\1.9.7\aspectjweaver-1.9.7.jar;C:\Users\benslamaadem\.m2\repository\org\springframework\boot\spring-boot-starter-jdbc\2.7.10\spring-boot-starter-jdbc-2.7.10.jar;C:\Users\benslamaadem\.m2\repository\com\zaxxer\HikariCP\4.0.3\HikariCP-4.0.3.jar;C:\Users\benslamaadem\.m2\repository\org\springframework\spring-jdbc\5.3.26\spring-jdbc-5.3.26.jar;C:\Users\benslamaadem\.m2\repository\jakarta\transaction\jakarta.transaction-api\1.3.3\jakarta.transaction-api-1.3.3.jar;C:\Users\benslamaadem\.m2\repository\jakarta\persistence\jakarta.persistence-api\2.2.3\jakarta.persistence-api-2.2.3.jar;C:\Users\benslamaadem\.m2\repository\org\hibernate\hibernate-core\5.6.15.Final\hibernate-core-5.6.15.Final.jar;C:\Users\benslamaadem\.m2\repository\org\jboss\logging\jboss-logging\3.4.3.Final\jboss-logging-3.4.3.Final.jar;C:\Users\benslamaadem\.m2\repository\net\bytebuddy\byte-buddy\1.12.23\byte-buddy-1.12.23.jar;C:\Users\benslamaadem\.m2\repository\antlr\antlr\2.7.7\antlr-2.7.7.jar;C:\Users\benslamaadem\.m2\repository\org\jboss\jandex\2.4.2.Final\jandex-2.4.2.Final.jar;C:\Users\benslamaadem\.m2\repository\com\fasterxml\classmate\1.5.1\classmate-1.5.1.jar;C:\Users\benslamaadem\.m2\repository\org\hibernate\common\hibernate-commons-annotations\5.1.2.Final\hibernate-commons-annotations-5.1.2.Final.jar;C:\Users\benslamaadem\.m2\repository\org\glassfish\jaxb\jaxb-runtime\2.3.8\jaxb-runtime-2.3.8.jar;C:\Users\benslamaadem\.m2\repository\org\glassfish\jaxb\txw2\2.3.8\txw2-2.3.8.jar;C:\Users\benslamaadem\.m2\repository\com\sun\istack\istack-commons-runtime\3.0.12\istack-commons-runtime-3.0.12.jar;C:\Users\benslamaadem\.m2\repository\org\springframework\data\spring-data-jpa\2.7.10\spring-data-jpa-2.7.10.jar;C:\Users\benslamaadem\.m2\repository\org\springframework\data\spring-data-commons\2.7.10\spring-data-commons-2.7.10.jar;C:\Users\benslamaadem\.m2\repository\org\springframework\spring-orm\5.3.26\spring-orm-5.3.26.jar;C:\Users\benslamaadem\.m2\repository\org\springframework\spring-context\5.3.26\spring-context-5.3.26.jar;C:\Users\benslamaadem\.m2\repository\org\springframework\spring-tx\5.3.26\spring-tx-5.3.26.jar;C:\Users\benslamaadem\.m2\repository\org\springframework\spring-beans\5.3.26\spring-beans-5.3.26.jar;C:\Users\benslamaadem\.m2\repository\org\springframework\spring-aspects\5.3.26\spring-aspects-5.3.26.jar;C:\Users\benslamaadem\.m2\repository\org\springframework\boot\spring-boot-starter-web\2.7.10\spring-boot-starter-web-2.7.10.jar;C:\Users\benslamaadem\.m2\repository\org\springframework\boot\spring-boot-starter\2.7.10\spring-boot-starter-2.7.10.jar;C:\Users\benslamaadem\.m2\repository\org\springframework\boot\spring-boot-starter-logging\2.7.10\spring-boot-starter-logging-2.7.10.jar;C:\Users\benslamaadem\.m2\repository\ch\qos\logback\logback-classic\1.2.11\logback-classic-1.2.11.jar;C:\Users\benslamaadem\.m2\repository\ch\qos\logback\logback-core\1.2.11\logback-core-1.2.11.jar;C:\Users\benslamaadem\.m2\repository\org\apache\logging\log4j\log4j-to-slf4j\2.17.2\log4j-to-slf4j-2.17.2.jar;C:\Users\benslamaadem\.m2\repository\org\apache\logging\log4j\log4j-api\2.17.2\log4j-api-2.17.2.jar;C:\Users\benslamaadem\.m2\repository\org\slf4j\jul-to-slf4j\1.7.36\jul-to-slf4j-1.7.36.jar;C:\Users\benslamaadem\.m2\repository\jakarta\annotation\jakarta.annotation-api\1.3.5\jakarta.annotation-api-1.3.5.jar;C:\Users\benslamaadem\.m2\repository\org\yaml\snakeyaml\1.30\snakeyaml-1.30.jar;C:\Users\benslamaadem\.m2\repository\org\springframework\boot\spring-boot-starter-json\2.7.10\spring-boot-starter-json-2.7.10.jar;C:\Users\benslamaadem\.m2\repository\com\fasterxml\jackson\core\jackson-databind\2.13.5\jackson-databind-2.13.5.jar;C:\Users\benslamaadem\.m2\repository\com\fasterxml\jackson\core\jackson-core\2.13.5\jackson-core-2.13.5.jar;C:\Users\benslamaadem\.m2\repository\com\fasterxml\jackson\datatype\jackson-datatype-jdk8\2.13.5\jackson-datatype-jdk8-2.13.5.jar;C:\Users\benslamaadem\.m2\repository\com\fasterxml\jackson\datatype\jackson-datatype-jsr310\2.13.5\jackson-datatype-jsr310-2.13.5.jar;C:\Users\benslamaadem\.m2\repository\com\fasterxml\jackson\module\jackson-module-parameter-names\2.13.5\jackson-module-parameter-names-2.13.5.jar;C:\Users\benslamaadem\.m2\repository\org\springframework\boot\spring-boot-starter-tomcat\2.7.10\spring-boot-starter-tomcat-2.7.10.jar;C:\Users\benslamaadem\.m2\repository\org\apache\tomcat\embed\tomcat-embed-websocket\9.0.73\tomcat-embed-websocket-9.0.73.jar;C:\Users\benslamaadem\.m2\repository\org\springframework\spring-web\5.3.26\spring-web-5.3.26.jar;C:\Users\benslamaadem\.m2\repository\org\springframework\spring-webmvc\5.3.26\spring-webmvc-5.3.26.jar;C:\Users\benslamaadem\.m2\repository\org\springframework\spring-expression\5.3.26\spring-expression-5.3.26.jar;C:\Users\benslamaadem\.m2\repository\org\springframework\boot\spring-boot-starter-web-services\2.7.10\spring-boot-starter-web-services-2.7.10.jar;C:\Users\benslamaadem\.m2\repository\com\sun\xml\messaging\saaj\saaj-impl\1.5.3\saaj-impl-1.5.3.jar;C:\Users\benslamaadem\.m2\repository\jakarta\xml\soap\jakarta.xml.soap-api\1.4.2\jakarta.xml.soap-api-1.4.2.jar;C:\Users\benslamaadem\.m2\repository\org\jvnet\staxex\stax-ex\1.8.3\stax-ex-1.8.3.jar;C:\Users\benslamaadem\.m2\repository\com\sun\activation\jakarta.activation\1.2.2\jakarta.activation-1.2.2.jar;C:\Users\benslamaadem\.m2\repository\jakarta\xml\ws\jakarta.xml.ws-api\2.3.3\jakarta.xml.ws-api-2.3.3.jar;C:\Users\benslamaadem\.m2\repository\jakarta\jws\jakarta.jws-api\2.1.0\jakarta.jws-api-2.1.0.jar;C:\Users\benslamaadem\.m2\repository\org\springframework\spring-oxm\5.3.26\spring-oxm-5.3.26.jar;C:\Users\benslamaadem\.m2\repository\org\springframework\ws\spring-ws-core\3.1.5\spring-ws-core-3.1.5.jar;C:\Users\benslamaadem\.m2\repository\org\springframework\ws\spring-xml\3.1.5\spring-xml-3.1.5.jar;C:\Users\benslamaadem\.m2\repository\org\springframework\boot\spring-boot-devtools\2.7.10\spring-boot-devtools-2.7.10.jar;C:\Users\benslamaadem\.m2\repository\org\springframework\boot\spring-boot\2.7.10\spring-boot-2.7.10.jar;C:\Users\benslamaadem\.m2\repository\org\springframework\boot\spring-boot-autoconfigure\2.7.10\spring-boot-autoconfigure-2.7.10.jar;C:\Users\benslamaadem\.m2\repository\com\mysql\mysql-connector-j\8.0.32\mysql-connector-j-8.0.32.jar;C:\Users\benslamaadem\.m2\repository\org\springframework\boot\spring-boot-starter-test\2.7.10\spring-boot-starter-test-2.7.10.jar;C:\Users\benslamaadem\.m2\repository\org\springframework\boot\spring-boot-test\2.7.10\spring-boot-test-2.7.10.jar;C:\Users\benslamaadem\.m2\repository\org\springframework\boot\spring-boot-test-autoconfigure\2.7.10\spring-boot-test-autoconfigure-2.7.10.jar;C:\Users\benslamaadem\.m2\repository\com\jayway\jsonpath\json-path\2.7.0\json-path-2.7.0.jar;C:\Users\benslamaadem\.m2\repository\net\minidev\json-smart\2.4.10\json-smart-2.4.10.jar;C:\Users\benslamaadem\.m2\repository\net\minidev\accessors-smart\2.4.9\accessors-smart-2.4.9.jar;C:\Users\benslamaadem\.m2\repository\org\ow2\asm\asm\9.3\asm-9.3.jar;C:\Users\benslamaadem\.m2\repository\jakarta\xml\bind\jakarta.xml.bind-api\2.3.3\jakarta.xml.bind-api-2.3.3.jar;C:\Users\benslamaadem\.m2\repository\jakarta\activation\jakarta.activation-api\1.2.2\jakarta.activation-api-1.2.2.jar;C:\Users\benslamaadem\.m2\repository\org\assertj\assertj-core\3.22.0\assertj-core-3.22.0.jar;C:\Users\benslamaadem\.m2\repository\org\hamcrest\hamcrest\2.2\hamcrest-2.2.jar;C:\Users\benslamaadem\.m2\repository\org\junit\jupiter\junit-jupiter\5.8.2\junit-jupiter-5.8.2.jar;C:\Users\benslamaadem\.m2\repository\org\junit\jupiter\junit-jupiter-api\5.8.2\junit-jupiter-api-5.8.2.jar;C:\Users\benslamaadem\.m2\repository\org\opentest4j\opentest4j\1.2.0\opentest4j-1.2.0.jar;C:\Users\benslamaadem\.m2\repository\org\junit\platform\junit-platform-commons\1.8.2\junit-platform-commons-1.8.2.jar;C:\Users\benslamaadem\.m2\repository\org\apiguardian\apiguardian-api\1.1.2\apiguardian-api-1.1.2.jar;C:\Users\benslamaadem\.m2\repository\org\junit\jupiter\junit-jupiter-params\5.8.2\junit-jupiter-params-5.8.2.jar;C:\Users\benslamaadem\.m2\repository\org\junit\jupiter\junit-jupiter-engine\5.8.2\junit-jupiter-engine-5.8.2.jar;C:\Users\benslamaadem\.m2\repository\org\junit\platform\junit-platform-engine\1.8.2\junit-platform-engine-1.8.2.jar;C:\Users\benslamaadem\.m2\repository\org\mockito\mockito-core\4.5.1\mockito-core-4.5.1.jar;C:\Users\benslamaadem\.m2\repository\net\bytebuddy\byte-buddy-agent\1.12.23\byte-buddy-agent-1.12.23.jar;C:\Users\benslamaadem\.m2\repository\org\objenesis\objenesis\3.2\objenesis-3.2.jar;C:\Users\benslamaadem\.m2\repository\org\mockito\mockito-junit-jupiter\4.5.1\mockito-junit-jupiter-4.5.1.jar;C:\Users\benslamaadem\.m2\repository\org\skyscreamer\jsonassert\1.5.1\jsonassert-1.5.1.jar;C:\Users\benslamaadem\.m2\repository\com\vaadin\external\google\android-json\0.0.20131108.vaadin1\android-json-0.0.20131108.vaadin1.jar;C:\Users\benslamaadem\.m2\repository\org\springframework\spring-core\5.3.26\spring-core-5.3.26.jar;C:\Users\benslamaadem\.m2\repository\org\springframework\spring-jcl\5.3.26\spring-jcl-5.3.26.jar;C:\Users\benslamaadem\.m2\repository\org\springframework\spring-test\5.3.26\spring-test-5.3.26.jar;C:\Users\benslamaadem\.m2\repository\org\xmlunit\xmlunit-core\2.9.1\xmlunit-core-2.9.1.jar;C:\Users\benslamaadem\.m2\repository\org\apache\tomcat\embed\tomcat-embed-jasper\9.0.73\tomcat-embed-jasper-9.0.73.jar;C:\Users\benslamaadem\.m2\repository\org\apache\tomcat\embed\tomcat-embed-core\9.0.73\tomcat-embed-core-9.0.73.jar;C:\Users\benslamaadem\.m2\repository\org\apache\tomcat\tomcat-annotations-api\9.0.73\tomcat-annotations-api-9.0.73.jar;C:\Users\benslamaadem\.m2\repository\org\apache\tomcat\embed\tomcat-embed-el\9.0.73\tomcat-embed-el-9.0.73.jar;C:\Users\benslamaadem\.m2\repository\org\eclipse\jdt\ecj\3.26.0\ecj-3.26.0.jar;C:\Users\benslamaadem\.m2\repository\javax\servlet\jstl\1.2\jstl-1.2.jar;C:\Users\benslamaadem\.m2\repository\org\webjars\bootstrap\4.3.1\bootstrap-4.3.1.jar;C:\Users\benslamaadem\.m2\repository\org\webjars\popper.js\1.14.3\popper.js-1.14.3.jar;C:\Users\benslamaadem\.m2\repository\org\springframework\boot\spring-boot-starter-thymeleaf\2.7.10\spring-boot-starter-thymeleaf-2.7.10.jar;C:\Users\benslamaadem\.m2\repository\org\thymeleaf\thymeleaf-spring5\3.0.15.RELEASE\thymeleaf-spring5-3.0.15.RELEASE.jar;C:\Users\benslamaadem\.m2\repository\org\thymeleaf\extras\thymeleaf-extras-java8time\3.0.4.RELEASE\thymeleaf-extras-java8time-3.0.4.RELEASE.jar;C:\Users\benslamaadem\.m2\repository\nz\net\ultraq\thymeleaf\thymeleaf-layout-dialect\3.0.0\thymeleaf-layout-dialect-3.0.0.jar;C:\Users\benslamaadem\.m2\repository\org\codehaus\groovy\groovy\3.0.16\groovy-3.0.16.jar;C:\Users\benslamaadem\.m2\repository\nz\net\ultraq\extensions\groovy-extensions\1.1.0\groovy-extensions-1.1.0.jar;C:\Users\benslamaadem\.m2\repository\nz\net\ultraq\thymeleaf\thymeleaf-expression-processor\3.0.0\thymeleaf-expression-processor-3.0.0.jar;C:\Users\benslamaadem\.m2\repository\org\thymeleaf\thymeleaf\3.0.15.RELEASE\thymeleaf-3.0.15.RELEASE.jar;C:\Users\benslamaadem\.m2\repository\ognl\ognl\3.1.26\ognl-3.1.26.jar;C:\Users\benslamaadem\.m2\repository\org\javassist\javassist\3.20.0-GA\javassist-3.20.0-GA.jar;C:\Users\benslamaadem\.m2\repository\org\attoparser\attoparser\2.0.5.RELEASE\attoparser-2.0.5.RELEASE.jar;C:\Users\benslamaadem\.m2\repository\org\unbescape\unbescape\1.1.6.RELEASE\unbescape-1.1.6.RELEASE.jar;C:\Users\benslamaadem\.m2\repository\org\webjars\jquery\3.5.1\jquery-3.5.1.jar;C:\Users\benslamaadem\.m2\repository\org\projectlombok\lombok\1.18.26\lombok-1.18.26.jar;C:\Users\benslamaadem\.m2\repository\org\springframework\boot\spring-boot-starter-data-rest\2.7.10\spring-boot-starter-data-rest-2.7.10.jar;C:\Users\benslamaadem\.m2\repository\org\springframework\data\spring-data-rest-webmvc\3.7.10\spring-data-rest-webmvc-3.7.10.jar;C:\Users\benslamaadem\.m2\repository\org\springframework\data\spring-data-rest-core\3.7.10\spring-data-rest-core-3.7.10.jar;C:\Users\benslamaadem\.m2\repository\org\springframework\hateoas\spring-hateoas\1.5.4\spring-hateoas-1.5.4.jar;C:\Users\benslamaadem\.m2\repository\org\springframework\plugin\spring-plugin-core\2.0.0.RELEASE\spring-plugin-core-2.0.0.RELEASE.jar;C:\Users\benslamaadem\.m2\repository\org\atteo\evo-inflector\1.3\evo-inflector-1.3.jar;C:\Users\benslamaadem\.m2\repository\com\fasterxml\jackson\core\jackson-annotations\2.13.5\jackson-annotations-2.13.5.jar;C:\Users\benslamaadem\.m2\repository\org\springframework\boot\spring-boot-starter-validation\2.7.10\spring-boot-starter-validation-2.7.10.jar;C:\Users\benslamaadem\.m2\repository\org\hibernate\validator\hibernate-validator\6.2.5.Final\hibernate-validator-6.2.5.Final.jar;C:\Users\benslamaadem\.m2\repository\jakarta\validation\jakarta.validation-api\2.0.2\jakarta.validation-api-2.0.2.jar;C:\Users\benslamaadem\.m2\repository\org\springframework\boot\spring-boot-starter-security\2.7.10\spring-boot-starter-security-2.7.10.jar;C:\Users\benslamaadem\.m2\repository\org\springframework\spring-aop\5.3.26\spring-aop-5.3.26.jar;C:\Users\benslamaadem\.m2\repository\org\springframework\security\spring-security-config\5.7.7\spring-security-config-5.7.7.jar;C:\Users\benslamaadem\.m2\repository\org\springframework\security\spring-security-core\5.7.7\spring-security-core-5.7.7.jar;C:\Users\benslamaadem\.m2\repository\org\springframework\security\spring-security-crypto\5.7.7\spring-security-crypto-5.7.7.jar;C:\Users\benslamaadem\.m2\repository\org\springframework\security\spring-security-web\5.7.7\spring-security-web-5.7.7.jar;C:\Users\benslamaadem\.m2\repository\org\thymeleaf\extras\thymeleaf-extras-springsecurity5\3.0.5.RELEASE\thymeleaf-extras-springsecurity5-3.0.5.RELEASE.jar;C:\Users\benslamaadem\.m2\repository\org\slf4j\slf4j-api\1.7.36\slf4j-api-1.7.36.jar;"/>
    <property name="sun.cpu.endian" value="little"/>
    <property name="user.home" value="C:\Users\benslamaadem"/>
    <property name="user.language" value="fr"/>
    <property name="java.specification.vendor" value="Oracle Corporation"/>
    <property name="java.version.date" value="2023-01-17"/>
    <property name="java.home" value="C:\Users\benslamaadem\Desktop\Nouveau dossier\Spring Boot\sts-4.18.0.RELEASE\plugins\org.eclipse.justj.openjdk.hotspot.jre.full.win32.x86_64_17.0.6.v20230204-1729\jre"/>
    <property name="file.separator" value="\"/>
    <property name="style.color" value="always"/>
    <property name="basedir" value="C:\Users\benslamaadem\Pictures\freelancer"/>
    <property name="java.vm.compressedOopsMode" value="32-bit"/>
    <property name="line.separator" value="&#10;"/>
    <property name="java.vm.specification.vendor" value="Oracle Corporation"/>
    <property name="java.specification.name" value="Java Platform API Specification"/>
    <property name="surefire.real.class.path" value="C:\Users\BENSLA~1\AppData\Local\Temp\surefire7293415208574935749\surefirebooter11978375065097955878.jar"/>
    <property name="user.script" value=""/>
    <property name="sun.management.compiler" value="HotSpot 64-Bit Tiered Compilers"/>
    <property name="java.runtime.version" value="17.0.6+10"/>
    <property name="user.name" value="benslamaadem"/>
    <property name="path.separator" value=";"/>
    <property name="os.version" value="10.0"/>
    <property name="java.runtime.name" value="OpenJDK Runtime Environment"/>
    <property name="file.encoding" value="Cp1252"/>
    <property name="java.vm.name" value="OpenJDK 64-Bit Server VM"/>
    <property name="java.vendor.version" value="Temurin-17.0.6+10"/>
    <property name="localRepository" value="C:\Users\benslamaadem\.m2\repository"/>
    <property name="java.vendor.url.bug" value="https://github.com/adoptium/adoptium-support/issues"/>
    <property name="java.io.tmpdir" value="C:\Users\BENSLA~1\AppData\Local\Temp\"/>
    <property name="java.version" value="17.0.6"/>
    <property name="user.dir" value="C:\Users\benslamaadem\Pictures\freelancer"/>
    <property name="os.arch" value="amd64"/>
    <property name="java.vm.specification.name" value="Java Virtual Machine Specification"/>
    <property name="sun.os.patch.level" value=""/>
    <property name="native.encoding" value="Cp1252"/>
    <property name="java.library.path" value="C:\Users\benslamaadem\Desktop\Nouveau dossier\Spring Boot\sts-4.18.0.RELEASE\plugins\org.eclipse.justj.openjdk.hotspot.jre.full.win32.x86_64_17.0.6.v20230204-1729\jre\bin;C:\Windows\Sun\Java\bin;C:\Windows\system32;C:\Windows;C:/Users/benslamaadem/Desktop/Nouveau dossier/Spring Boot/sts-4.18.0.RELEASE//plugins/org.eclipse.justj.openjdk.hotspot.jre.full.win32.x86_64_17.0.6.v20230204-1729/jre/bin/server;C:/Users/benslamaadem/Desktop/Nouveau dossier/Spring Boot/sts-4.18.0.RELEASE//plugins/org.eclipse.justj.openjdk.hotspot.jre.full.win32.x86_64_17.0.6.v20230204-1729/jre/bin;C:\Program Files\Common Files\Oracle\Java\javapath;C:\oraclexe\app\oracle\product\11.2.0\server\bin;;C:\Program Files (x86)\Common Files\Oracle\Java\javapath;C:\Windows\system32;C:\Windows;C:\Windows\System32\Wbem;C:\Windows\System32\WindowsPowerShell\v1.0\;C:\Windows\System32\OpenSSH\;C:\Program Files\nodejs\;C:\Program Files\Git\cmd;C:\xampp\php;C:\ProgramData\ComposerSetup\bin;C:\Users\benslamaadem\scoop\shims;C:\Users\benslamaadem\AppData\Local\Microsoft\WindowsApps;C:\Users\benslamaadem\AppData\Local\Programs\Microsoft VS Code\bin;C:\Users\benslamaadem\AppData\Roaming\npm;C:\src\flutter\bin;C:\src\javafx-sdk-20\lib;C:\Users\benslamaadem\AppData\Roaming\Composer\vendor\bin;C:\Users\benslamaadem\scoop\shims;C:\Users\benslamaadem\AppData\Local\Packages\PythonSoftwareFoundation.Python.3.10_qbz5n2kfra8p0\LocalCache\local-packages\Python310\Scripts;C:\Users\benslamaadem\AppData\Local\Pub\Cache\bin;;C:\Users\benslamaadem\Desktop\Nouveau dossier\Spring Boot\sts-4.18.0.RELEASE;;."/>
    <property name="java.vm.info" value="mixed mode"/>
    <property name="java.vendor" value="Eclipse Adoptium"/>
    <property name="java.vm.version" value="17.0.6+10"/>
    <property name="sun.io.unicode.encoding" value="UnicodeLittle"/>
    <property name="java.class.version" value="61.0"/>
  </properties>
  <testcase name="testfindByMarque" classname="com.adem.pc.ChatApplicationTests" time="1.109">
    <error message="org.hibernate.TransientObjectException: object references an unsaved transient instance - save the transient instance before flushing: com.adem.pc.entities.Marque; nested exception is java.lang.IllegalStateException: org.hibernate.TransientObjectException: object references an unsaved transient instance - save the transient instance before flushing: com.adem.pc.entities.Marque" type="org.springframework.dao.InvalidDataAccessApiUsageException">org.springframework.dao.InvalidDataAccessApiUsageException: org.hibernate.TransientObjectException: object references an unsaved transient instance - save the transient instance before flushing: com.adem.pc.entities.Marque; nested exception is java.lang.IllegalStateException: org.hibernate.TransientObjectException: object references an unsaved transient instance - save the transient instance before flushing: com.adem.pc.entities.Marque
	at com.adem.pc.ChatApplicationTests.testfindByMarque(ChatApplicationTests.java:102)
Caused by: java.lang.IllegalStateException: org.hibernate.TransientObjectException: object references an unsaved transient instance - save the transient instance before flushing: com.adem.pc.entities.Marque
	at com.adem.pc.ChatApplicationTests.testfindByMarque(ChatApplicationTests.java:102)
Caused by: org.hibernate.TransientObjectException: object references an unsaved transient instance - save the transient instance before flushing: com.adem.pc.entities.Marque
	at com.adem.pc.ChatApplicationTests.testfindByMarque(ChatApplicationTests.java:102)
</error>
    <system-out><![CDATA[22:04:35.721 [main] DEBUG org.springframework.test.context.BootstrapUtils - Instantiating CacheAwareContextLoaderDelegate from class [org.springframework.test.context.cache.DefaultCacheAwareContextLoaderDelegate]
22:04:35.757 [main] DEBUG org.springframework.test.context.BootstrapUtils - Instantiating BootstrapContext using constructor [public org.springframework.test.context.support.DefaultBootstrapContext(java.lang.Class,org.springframework.test.context.CacheAwareContextLoaderDelegate)]
22:04:35.887 [main] DEBUG org.springframework.test.context.BootstrapUtils - Instantiating TestContextBootstrapper for test class [com.adem.pc.ChatApplicationTests] from class [org.springframework.boot.test.context.SpringBootTestContextBootstrapper]
22:04:35.930 [main] INFO org.springframework.boot.test.context.SpringBootTestContextBootstrapper - Neither @ContextConfiguration nor @ContextHierarchy found for test class [com.adem.pc.ChatApplicationTests], using SpringBootContextLoader
22:04:35.942 [main] DEBUG org.springframework.test.context.support.AbstractContextLoader - Did not detect default resource location for test class [com.adem.pc.ChatApplicationTests]: class path resource [com/adem/pc/ChatApplicationTests-context.xml] does not exist
22:04:35.945 [main] DEBUG org.springframework.test.context.support.AbstractContextLoader - Did not detect default resource location for test class [com.adem.pc.ChatApplicationTests]: class path resource [com/adem/pc/ChatApplicationTestsContext.groovy] does not exist
22:04:35.945 [main] INFO org.springframework.test.context.support.AbstractContextLoader - Could not detect default resource locations for test class [com.adem.pc.ChatApplicationTests]: no resource found for suffixes {-context.xml, Context.groovy}.
22:04:35.947 [main] INFO org.springframework.test.context.support.AnnotationConfigContextLoaderUtils - Could not detect default configuration classes for test class [com.adem.pc.ChatApplicationTests]: ChatApplicationTests does not declare any static, non-private, non-final, nested classes annotated with @Configuration.
22:04:36.452 [main] DEBUG org.springframework.test.context.support.ActiveProfilesUtils - Could not find an 'annotation declaring class' for annotation type [org.springframework.test.context.ActiveProfiles] and class [com.adem.pc.ChatApplicationTests]
22:04:36.739 [main] DEBUG org.springframework.context.annotation.ClassPathScanningCandidateComponentProvider - Identified candidate component class: file [C:\Users\benslamaadem\Pictures\freelancer\target\classes\com\adem\pc\PcApplication.class]
22:04:36.743 [main] INFO org.springframework.boot.test.context.SpringBootTestContextBootstrapper - Found @SpringBootConfiguration com.adem.pc.PcApplication for test class com.adem.pc.ChatApplicationTests
22:04:37.223 [main] DEBUG org.springframework.boot.test.context.SpringBootTestContextBootstrapper - @TestExecutionListeners is not present for class [com.adem.pc.ChatApplicationTests]: using defaults.
22:04:37.224 [main] INFO org.springframework.boot.test.context.SpringBootTestContextBootstrapper - Loaded default TestExecutionListener class names from location [META-INF/spring.factories]: [org.springframework.boot.test.mock.mockito.MockitoTestExecutionListener, org.springframework.boot.test.mock.mockito.ResetMocksTestExecutionListener, org.springframework.boot.test.autoconfigure.restdocs.RestDocsTestExecutionListener, org.springframework.boot.test.autoconfigure.web.client.MockRestServiceServerResetTestExecutionListener, org.springframework.boot.test.autoconfigure.web.servlet.MockMvcPrintOnlyOnFailureTestExecutionListener, org.springframework.boot.test.autoconfigure.web.servlet.WebDriverTestExecutionListener, org.springframework.boot.test.autoconfigure.webservices.client.MockWebServiceServerTestExecutionListener, org.springframework.test.context.web.ServletTestExecutionListener, org.springframework.test.context.support.DirtiesContextBeforeModesTestExecutionListener, org.springframework.test.context.event.ApplicationEventsTestExecutionListener, org.springframework.test.context.support.DependencyInjectionTestExecutionListener, org.springframework.test.context.support.DirtiesContextTestExecutionListener, org.springframework.test.context.transaction.TransactionalTestExecutionListener, org.springframework.test.context.jdbc.SqlScriptsTestExecutionListener, org.springframework.test.context.event.EventPublishingTestExecutionListener]
22:04:37.302 [main] INFO org.springframework.boot.test.context.SpringBootTestContextBootstrapper - Using TestExecutionListeners: [org.springframework.test.context.web.ServletTestExecutionListener@7b8233cd, org.springframework.test.context.support.DirtiesContextBeforeModesTestExecutionListener@4b20ca2b, org.springframework.test.context.event.ApplicationEventsTestExecutionListener@1cbf6e72, org.springframework.boot.test.mock.mockito.MockitoTestExecutionListener@6aecbb8d, org.springframework.boot.test.autoconfigure.SpringBootDependencyInjectionTestExecutionListener@1af146, org.springframework.test.context.support.DirtiesContextTestExecutionListener@4da602fc, org.springframework.test.context.transaction.TransactionalTestExecutionListener@2a8d39c4, org.springframework.test.context.jdbc.SqlScriptsTestExecutionListener@25b2cfcb, org.springframework.test.context.event.EventPublishingTestExecutionListener@72758afa, org.springframework.boot.test.mock.mockito.ResetMocksTestExecutionListener@fb9c7aa, org.springframework.boot.test.autoconfigure.restdocs.RestDocsTestExecutionListener@4c398c80, org.springframework.boot.test.autoconfigure.web.client.MockRestServiceServerResetTestExecutionListener@7fc6de5b, org.springframework.boot.test.autoconfigure.web.servlet.MockMvcPrintOnlyOnFailureTestExecutionListener@21baa903, org.springframework.boot.test.autoconfigure.web.servlet.WebDriverTestExecutionListener@607fbe09, org.springframework.boot.test.autoconfigure.webservices.client.MockWebServiceServerTestExecutionListener@60a2630a]
22:04:37.315 [main] DEBUG org.springframework.test.context.support.AbstractDirtiesContextTestExecutionListener - Before test class: context [DefaultTestContext@62163b39 testClass = ChatApplicationTests, testInstance = [null], testMethod = [null], testException = [null], mergedContextConfiguration = [WebMergedContextConfiguration@20a8a64e testClass = ChatApplicationTests, locations = '{}', classes = '{class com.adem.pc.PcApplication}', contextInitializerClasses = '[]', activeProfiles = '{}', propertySourceLocations = '{}', propertySourceProperties = '{org.springframework.boot.test.context.SpringBootTestContextBootstrapper=true}', contextCustomizers = set[org.springframework.boot.test.context.filter.ExcludeFilterContextCustomizer@68f1b17f, org.springframework.boot.test.json.DuplicateJsonObjectContextCustomizerFactory$DuplicateJsonObjectContextCustomizer@398dada8, org.springframework.boot.test.mock.mockito.MockitoContextCustomizer@0, org.springframework.boot.test.web.client.TestRestTemplateContextCustomizer@934b6cb, org.springframework.boot.test.autoconfigure.actuate.metrics.MetricsExportContextCustomizerFactory$DisableMetricExportContextCustomizer@1ae8bcbc, org.springframework.boot.test.autoconfigure.properties.PropertyMappingContextCustomizer@0, org.springframework.boot.test.autoconfigure.web.servlet.WebDriverContextCustomizerFactory$Customizer@3406472c, org.springframework.boot.test.context.SpringBootTestArgs@1, org.springframework.boot.test.context.SpringBootTestWebEnvironment@1fa268de], resourceBasePath = 'src/main/webapp', contextLoader = 'org.springframework.boot.test.context.SpringBootContextLoader', parent = [null]], attributes = map['org.springframework.test.context.web.ServletTestExecutionListener.activateListener' -> true]], class annotated with @DirtiesContext [false] with mode [null].

  .   ____          _            __ _ _
 /\\ / ___'_ __ _ _(_)_ __  __ _ \ \ \ \
( ( )\___ | '_ | '_| | '_ \/ _` | \ \ \ \
 \\/  ___)| |_)| | | | | || (_| |  ) ) ) )
  '  |____| .__|_| |_|_| |_\__, | / / / /
 =========|_|==============|___/=/_/_/_/
 :: Spring Boot ::               (v2.7.10)

2023-05-11 22:04:38.968  INFO 16348 --- [           main] com.adem.pc.ChatApplicationTests         : Starting ChatApplicationTests using Java 17.0.6 on DESKTOP-8BJB2IQ with PID 16348 (started by benslamaadem in C:\Users\benslamaadem\Pictures\freelancer)
2023-05-11 22:04:38.973  INFO 16348 --- [           main] com.adem.pc.ChatApplicationTests         : No active profile set, falling back to 1 default profile: "default"
2023-05-11 22:04:43.436  INFO 16348 --- [           main] .s.d.r.c.RepositoryConfigurationDelegate : Bootstrapping Spring Data JPA repositories in DEFAULT mode.
2023-05-11 22:04:43.632  INFO 16348 --- [           main] .s.d.r.c.RepositoryConfigurationDelegate : Finished Spring Data repository scanning in 168 ms. Found 3 JPA repository interfaces.
2023-05-11 22:04:45.509  INFO 16348 --- [           main] trationDelegate$BeanPostProcessorChecker : Bean 'org.springframework.ws.config.annotation.DelegatingWsConfiguration' of type [org.springframework.ws.config.annotation.DelegatingWsConfiguration$$EnhancerBySpringCGLIB$$f0c3386] is not eligible for getting processed by all BeanPostProcessors (for example: not eligible for auto-proxying)
2023-05-11 22:04:45.663  INFO 16348 --- [           main] .w.s.a.s.AnnotationActionEndpointMapping : Supporting [WS-Addressing August 2004, WS-Addressing 1.0]
2023-05-11 22:04:46.706  INFO 16348 --- [           main] o.hibernate.jpa.internal.util.LogHelper  : HHH000204: Processing PersistenceUnitInfo [name: default]
2023-05-11 22:04:46.936  INFO 16348 --- [           main] org.hibernate.Version                    : HHH000412: Hibernate ORM core version 5.6.15.Final
2023-05-11 22:04:47.704  INFO 16348 --- [           main] o.hibernate.annotations.common.Version   : HCANN000001: Hibernate Commons Annotations {5.1.2.Final}
2023-05-11 22:04:48.241  INFO 16348 --- [           main] com.zaxxer.hikari.HikariDataSource       : HikariPool-1 - Starting...
2023-05-11 22:04:48.882  INFO 16348 --- [           main] com.zaxxer.hikari.HikariDataSource       : HikariPool-1 - Start completed.
2023-05-11 22:04:48.990  INFO 16348 --- [           main] org.hibernate.dialect.Dialect            : HHH000400: Using dialect: org.hibernate.dialect.MySQL55Dialect
2023-05-11 22:04:53.004  INFO 16348 --- [           main] o.h.e.t.j.p.i.JtaPlatformInitiator       : HHH000490: Using JtaPlatform implementation: [org.hibernate.engine.transaction.jta.platform.internal.NoJtaPlatform]
2023-05-11 22:04:53.040  INFO 16348 --- [           main] j.LocalContainerEntityManagerFactoryBean : Initialized JPA EntityManagerFactory for persistence unit 'default'
2023-05-11 22:04:55.931  WARN 16348 --- [           main] JpaBaseConfiguration$JpaWebConfiguration : spring.jpa.open-in-view is enabled by default. Therefore, database queries may be performed during view rendering. Explicitly configure spring.jpa.open-in-view to disable this warning
2023-05-11 22:04:57.192  INFO 16348 --- [           main] o.s.s.web.DefaultSecurityFilterChain     : Will secure any request with [org.springframework.security.web.session.DisableEncodeUrlFilter@7baf7e2c, org.springframework.security.web.context.request.async.WebAsyncManagerIntegrationFilter@73d7e7aa, org.springframework.security.web.context.SecurityContextPersistenceFilter@19b33b0d, org.springframework.security.web.header.HeaderWriterFilter@511ad0dd, org.springframework.security.web.csrf.CsrfFilter@19b4dd60, org.springframework.security.web.authentication.logout.LogoutFilter@39a1c200, org.springframework.security.web.authentication.UsernamePasswordAuthenticationFilter@38d9c9c4, org.springframework.security.web.savedrequest.RequestCacheAwareFilter@d827673, org.springframework.security.web.servletapi.SecurityContextHolderAwareRequestFilter@34893693, org.springframework.security.web.authentication.AnonymousAuthenticationFilter@349686e8, org.springframework.security.web.session.SessionManagementFilter@22b4ad0c, org.springframework.security.web.access.ExceptionTranslationFilter@5b11d0d8, org.springframework.security.web.access.intercept.FilterSecurityInterceptor@9da386c]
2023-05-11 22:04:59.352  INFO 16348 --- [           main] o.s.b.a.w.s.WelcomePageHandlerMapping    : Adding welcome page template: index
2023-05-11 22:05:02.542  INFO 16348 --- [           main] com.adem.pc.ChatApplicationTests         : Started ChatApplicationTests in 25.017 seconds (JVM running for 30.659)
Hibernate: select pc0_.id_pc as id_pc1_1_, pc0_.date_ajout as date_ajo2_1_, pc0_.marque_id_mar as marque_i5_1_, pc0_.nom_pc as nom_pc3_1_, pc0_.prix as prix4_1_ from pc pc0_ where pc0_.marque_id_mar=?
]]></system-out>
  </testcase>
  <testcase name="testCreatePc" classname="com.adem.pc.ChatApplicationTests" time="0.264"/>
  <testcase name="testListerTousPcs" classname="com.adem.pc.ChatApplicationTests" time="0.115">
    <error message="failed to lazily initialize a collection of role: com.adem.pc.entities.Marque.pcs, could not initialize proxy - no Session" type="org.hibernate.LazyInitializationException">org.hibernate.LazyInitializationException: failed to lazily initialize a collection of role: com.adem.pc.entities.Marque.pcs, could not initialize proxy - no Session
	at com.adem.pc.ChatApplicationTests.testListerTousPcs(ChatApplicationTests.java:52)
</error>
    <system-out><![CDATA[Hibernate: select pc0_.id_pc as id_pc1_1_, pc0_.date_ajout as date_ajo2_1_, pc0_.marque_id_mar as marque_i5_1_, pc0_.nom_pc as nom_pc3_1_, pc0_.prix as prix4_1_ from pc pc0_
Hibernate: select marque0_.id_mar as id_mar1_0_0_, marque0_.description_mar as descript2_0_0_, marque0_.nom_mar as nom_mar3_0_0_ from marque marque0_ where marque0_.id_mar=?
]]></system-out>
  </testcase>
  <testcase name="findByMarqueIdMar" classname="com.adem.pc.ChatApplicationTests" time="0.067">
    <error message="failed to lazily initialize a collection of role: com.adem.pc.entities.Marque.pcs, could not initialize proxy - no Session" type="org.hibernate.LazyInitializationException">org.hibernate.LazyInitializationException: failed to lazily initialize a collection of role: com.adem.pc.entities.Marque.pcs, could not initialize proxy - no Session
	at com.adem.pc.ChatApplicationTests.findByMarqueIdMar(ChatApplicationTests.java:115)
</error>
    <system-out><![CDATA[Hibernate: select pc0_.id_pc as id_pc1_1_, pc0_.date_ajout as date_ajo2_1_, pc0_.marque_id_mar as marque_i5_1_, pc0_.nom_pc as nom_pc3_1_, pc0_.prix as prix4_1_ from pc pc0_ left outer join marque marque1_ on pc0_.marque_id_mar=marque1_.id_mar where marque1_.id_mar=?
Hibernate: select marque0_.id_mar as id_mar1_0_0_, marque0_.description_mar as descript2_0_0_, marque0_.nom_mar as nom_mar3_0_0_ from marque marque0_ where marque0_.id_mar=?
]]></system-out>
  </testcase>
  <testcase name="testfindByNomPc" classname="com.adem.pc.ChatApplicationTests" time="0.021"/>
  <testcase name="testFindByNomPcContains" classname="com.adem.pc.ChatApplicationTests" time="0.026"/>
  <testcase name="testFindBynomChatContains" classname="com.adem.pc.ChatApplicationTests" time="0.04">
    <error message="failed to lazily initialize a collection of role: com.adem.pc.entities.Marque.pcs, could not initialize proxy - no Session" type="org.hibernate.LazyInitializationException">org.hibernate.LazyInitializationException: failed to lazily initialize a collection of role: com.adem.pc.entities.Marque.pcs, could not initialize proxy - no Session
	at com.adem.pc.ChatApplicationTests.lambda$testFindBynomChatContains$0(ChatApplicationTests.java:62)
	at com.adem.pc.ChatApplicationTests.testFindBynomChatContains(ChatApplicationTests.java:62)
</error>
    <system-out><![CDATA[Hibernate: select pc0_.id_pc as id_pc1_1_, pc0_.date_ajout as date_ajo2_1_, pc0_.marque_id_mar as marque_i5_1_, pc0_.nom_pc as nom_pc3_1_, pc0_.prix as prix4_1_ from pc pc0_ limit ?
Hibernate: select marque0_.id_mar as id_mar1_0_0_, marque0_.description_mar as descript2_0_0_, marque0_.nom_mar as nom_mar3_0_0_ from marque marque0_ where marque0_.id_mar=?
3
2
1
]]></system-out>
  </testcase>
  <testcase name="testfindByNomPrix" classname="com.adem.pc.ChatApplicationTests" time="0.02"/>
  <testcase name="testTrierPcsNomsprix" classname="com.adem.pc.ChatApplicationTests" time="0.021">
    <error message="failed to lazily initialize a collection of role: com.adem.pc.entities.Marque.pcs, could not initialize proxy - no Session" type="org.hibernate.LazyInitializationException">org.hibernate.LazyInitializationException: failed to lazily initialize a collection of role: com.adem.pc.entities.Marque.pcs, could not initialize proxy - no Session
	at com.adem.pc.ChatApplicationTests.testTrierPcsNomsprix(ChatApplicationTests.java:133)
</error>
    <system-out><![CDATA[Hibernate: select pc0_.id_pc as id_pc1_1_, pc0_.date_ajout as date_ajo2_1_, pc0_.marque_id_mar as marque_i5_1_, pc0_.nom_pc as nom_pc3_1_, pc0_.prix as prix4_1_ from pc pc0_ order by pc0_.nom_pc ASC, pc0_.prix DESC
Hibernate: select marque0_.id_mar as id_mar1_0_0_, marque0_.description_mar as descript2_0_0_, marque0_.nom_mar as nom_mar3_0_0_ from marque marque0_ where marque0_.id_mar=?
]]></system-out>
  </testcase>
  <testcase name="testFindPc" classname="com.adem.pc.ChatApplicationTests" time="0.021">
    <error message="failed to lazily initialize a collection of role: com.adem.pc.entities.Marque.pcs, could not initialize proxy - no Session" type="org.hibernate.LazyInitializationException">org.hibernate.LazyInitializationException: failed to lazily initialize a collection of role: com.adem.pc.entities.Marque.pcs, could not initialize proxy - no Session
	at com.adem.pc.ChatApplicationTests.testFindPc(ChatApplicationTests.java:32)
</error>
    <system-out><![CDATA[Hibernate: select pc0_.id_pc as id_pc1_1_0_, pc0_.date_ajout as date_ajo2_1_0_, pc0_.marque_id_mar as marque_i5_1_0_, pc0_.nom_pc as nom_pc3_1_0_, pc0_.prix as prix4_1_0_, marque1_.id_mar as id_mar1_0_1_, marque1_.description_mar as descript2_0_1_, marque1_.nom_mar as nom_mar3_0_1_ from pc pc0_ left outer join marque marque1_ on pc0_.marque_id_mar=marque1_.id_mar where pc0_.id_pc=?
]]></system-out>
  </testcase>
  <testcase name="testDeleteFreelancer" classname="com.adem.pc.ChatApplicationTests" time="0.064"/>
  <testcase name="testfindByOrderByNomPcAsc" classname="com.adem.pc.ChatApplicationTests" time="0.024"/>
  <testcase name="testUpdatePc" classname="com.adem.pc.ChatApplicationTests" time="0.019">
    <error message="No value present" type="java.util.NoSuchElementException">java.util.NoSuchElementException: No value present
	at com.adem.pc.ChatApplicationTests.testUpdatePc(ChatApplicationTests.java:37)
</error>
    <system-out><![CDATA[Hibernate: select pc0_.id_pc as id_pc1_1_0_, pc0_.date_ajout as date_ajo2_1_0_, pc0_.marque_id_mar as marque_i5_1_0_, pc0_.nom_pc as nom_pc3_1_0_, pc0_.prix as prix4_1_0_, marque1_.id_mar as id_mar1_0_1_, marque1_.description_mar as descript2_0_1_, marque1_.nom_mar as nom_mar3_0_1_ from pc pc0_ left outer join marque marque1_ on pc0_.marque_id_mar=marque1_.id_mar where pc0_.id_pc=?
]]></system-out>
  </testcase>
</testsuite>